#
# There is insufficient memory for the Java Runtime Environment to continue.
# Native memory allocation (malloc) failed to allocate 1048576 bytes for AllocateHeap
# Possible reasons:
#   The system is out of physical RAM or swap space
#   The process is running with CompressedOops enabled, and the Java Heap may be blocking the growth of the native heap
# Possible solutions:
#   Reduce memory load on the system
#   Increase physical memory or swap space
#   Check if swap backing store is full
#   Decrease Java heap size (-Xmx/-Xms)
#   Decrease number of Java threads
#   Decrease Java thread stack sizes (-Xss)
#   Set larger code cache with -XX:ReservedCodeCacheSize=
#   JVM is running with Unscaled Compressed Oops mode in which the Java heap is
#     placed in the first 4GB address space. The Java Heap base address is the
#     maximum limit for the native heap growth. Please use -XX:HeapBaseMinAddress
#     to set the Java Heap base and to place the Java Heap above 4GB virtual address.
# This output file may be truncated or incomplete.
#
#  Out of Memory Error (allocation.cpp:44), pid=21720, tid=21644
#
# JRE version:  (17.0.6) (build )
# Java VM: OpenJDK 64-Bit Server VM (17.0.6+0-b2043.56-9586694, mixed mode, sharing, tiered, compressed oops, compressed class ptrs, g1 gc, windows-amd64)
# No core dump will be written. Minidumps are not enabled by default on client versions of Windows
#

---------------  S U M M A R Y ------------

Command Line: org.jetbrains.kotlin.cli.jvm.K2JVMCompiler @D:\PC\Seminar\Zone\app\build\20230707_2005915980573640208.compiler.options

Host: Intel(R) Core(TM) i5-8250U CPU @ 1.60GHz, 8 cores, 15G,  Windows 11 , 64 bit Build 22621 (10.0.22621.1778)
Time: Fri Jul  7 14:41:55 2023 SE Asia Standard Time elapsed time: 0.027059 seconds (0d 0h 0m 0s)

---------------  T H R E A D  ---------------

Current thread (0x000001d5138abd60):  JavaThread "Unknown thread" [_thread_in_vm, id=21644, stack(0x0000003b98a00000,0x0000003b98b00000)]

Stack: [0x0000003b98a00000,0x0000003b98b00000]
Native frames: (J=compiled Java code, j=interpreted, Vv=VM code, C=native code)
V  [jvm.dll+0x683b4a]
V  [jvm.dll+0x842654]
V  [jvm.dll+0x843dfe]
V  [jvm.dll+0x844463]
V  [jvm.dll+0x249b75]
V  [jvm.dll+0xa641f]
V  [jvm.dll+0x2db8c4]
V  [jvm.dll+0x813f0c]
V  [jvm.dll+0x36e6a1]
V  [jvm.dll+0x7f347c]
V  [jvm.dll+0x3f0e8f]
V  [jvm.dll+0x3f29d1]
C  [jli.dll+0x526b]
C  [ucrtbase.dll+0x29363]
C  [KERNEL32.DLL+0x126ad]
C  [ntdll.dll+0x5a9f8]


---------------  P R O C E S S  ---------------

Threads class SMR info:
_java_thread_list=0x00007ff9932dc058, length=0, elements={
}

Java Threads: ( => current thread )

Other Threads:

=>0x000001d5138abd60 (exited) JavaThread "Unknown thread" [_thread_in_vm, id=21644, stack(0x0000003b98a00000,0x0000003b98b00000)]

Threads with active compile tasks:

VM state: not at safepoint (not fully initialized)

VM Mutex/Monitor currently owned by a thread: None

Heap address: 0x0000000000000000, size: 0 MB, Compressed Oops mode: 32-bit

CDS archive(s) mapped at: [0x0000000000000000-0x0000000000000000-0x0000000000000000), size 0, SharedBaseAddress: 0x0000000800000000, ArchiveRelocationMode: 0.
Narrow klass base: 0x0000000000000000, Narrow klass shift: 0, Narrow klass range: 0x0

GC Precious Log:
<Empty>

GC Heap History (0 events):
No events

Dll operation events (1 events):
Event: 0.022 Loaded shared library D:\Program Files\LE_TUAN_KIET\Android Studio\jbr\bin\java.dll

Deoptimization events (0 events):
No events

Classes unloaded (0 events):
No events

Classes redefined (0 events):
No events

Internal exceptions (0 events):
No events

VM Operations (0 events):
No events

Events (0 events):
No events


Dynamic libraries:
0x00007ff795c30000 - 0x00007ff795c3a000 	D:\Program Files\LE_TUAN_KIET\Android Studio\jbr\bin\java.exe
0x00007ff9cd330000 - 0x00007ff9cd544000 	C:\WINDOWS\SYSTEM32\ntdll.dll
0x00007ff9cbc40000 - 0x00007ff9cbd02000 	C:\WINDOWS\System32\KERNEL32.DLL
0x00007ff9cad30000 - 0x00007ff9cb0d3000 	C:\WINDOWS\System32\KERNELBASE.dll
0x00007ff9ca730000 - 0x00007ff9ca841000 	C:\WINDOWS\System32\ucrtbase.dll
0x00007ff9c4df0000 - 0x00007ff9c4e07000 	D:\Program Files\LE_TUAN_KIET\Android Studio\jbr\bin\jli.dll
0x00007ff9c8ae0000 - 0x00007ff9c8afb000 	D:\Program Files\LE_TUAN_KIET\Android Studio\jbr\bin\VCRUNTIME140.dll
0x00007ff9cc070000 - 0x00007ff9cc21b000 	C:\WINDOWS\System32\USER32.dll
0x00007ff9cb0e0000 - 0x00007ff9cb106000 	C:\WINDOWS\System32\win32u.dll
0x00007ff9cbe10000 - 0x00007ff9cbe39000 	C:\WINDOWS\System32\GDI32.dll
0x00007ff9cac10000 - 0x00007ff9cad29000 	C:\WINDOWS\System32\gdi32full.dll
0x00007ff9b2d90000 - 0x00007ff9b301e000 	C:\WINDOWS\WinSxS\amd64_microsoft.windows.common-controls_6595b64144ccf1df_6.0.22621.1635_none_270f70857386168e\COMCTL32.dll
0x00007ff9cab70000 - 0x00007ff9cac0a000 	C:\WINDOWS\System32\msvcp_win.dll
0x00007ff9cc2a0000 - 0x00007ff9cc347000 	C:\WINDOWS\System32\msvcrt.dll
0x00007ff9cb230000 - 0x00007ff9cb261000 	C:\WINDOWS\System32\IMM32.DLL
0x00007ff9c8a80000 - 0x00007ff9c8a8c000 	D:\Program Files\LE_TUAN_KIET\Android Studio\jbr\bin\vcruntime140_1.dll
0x00007ff9b3220000 - 0x00007ff9b32ad000 	D:\Program Files\LE_TUAN_KIET\Android Studio\jbr\bin\msvcp140.dll
0x00007ff9927a0000 - 0x00007ff99340d000 	D:\Program Files\LE_TUAN_KIET\Android Studio\jbr\bin\server\jvm.dll
0x00007ff9cc9f0000 - 0x00007ff9cca9e000 	C:\WINDOWS\System32\ADVAPI32.dll
0x00007ff9cbed0000 - 0x00007ff9cbf74000 	C:\WINDOWS\System32\sechost.dll
0x00007ff9cb410000 - 0x00007ff9cb527000 	C:\WINDOWS\System32\RPCRT4.dll
0x00007ff9c8f30000 - 0x00007ff9c8f39000 	C:\WINDOWS\SYSTEM32\WSOCK32.dll
0x00007ff9c2110000 - 0x00007ff9c2144000 	C:\WINDOWS\SYSTEM32\WINMM.dll
0x00007ff9cbb00000 - 0x00007ff9cbb71000 	C:\WINDOWS\System32\WS2_32.dll
0x00007ff9c20f0000 - 0x00007ff9c20fa000 	C:\WINDOWS\SYSTEM32\VERSION.dll
0x00007ff9c8890000 - 0x00007ff9c88a8000 	C:\WINDOWS\SYSTEM32\kernel.appcore.dll
0x00007ff9c99c0000 - 0x00007ff9c99ca000 	D:\Program Files\LE_TUAN_KIET\Android Studio\jbr\bin\jimage.dll
0x00007ff9c9fc0000 - 0x00007ff9ca1ee000 	C:\WINDOWS\SYSTEM32\DBGHELP.DLL
0x00007ff9cb630000 - 0x00007ff9cb9b9000 	C:\WINDOWS\System32\combase.dll
0x00007ff9cb540000 - 0x00007ff9cb617000 	C:\WINDOWS\System32\OLEAUT32.dll
0x00007ff9c9e60000 - 0x00007ff9c9e92000 	C:\WINDOWS\SYSTEM32\dbgcore.DLL
0x00007ff9ca980000 - 0x00007ff9ca9fb000 	C:\WINDOWS\System32\bcryptPrimitives.dll
0x00007ff9c9130000 - 0x00007ff9c9155000 	D:\Program Files\LE_TUAN_KIET\Android Studio\jbr\bin\java.dll

dbghelp: loaded successfully - version: 4.0.5 - missing functions: none
symbol engine: initialized successfully - sym options: 0x614 - pdb path: .;D:\Program Files\LE_TUAN_KIET\Android Studio\jbr\bin;C:\WINDOWS\SYSTEM32;C:\WINDOWS\WinSxS\amd64_microsoft.windows.common-controls_6595b64144ccf1df_6.0.22621.1635_none_270f70857386168e;D:\Program Files\LE_TUAN_KIET\Android Studio\jbr\bin\server

VM Arguments:
java_command: org.jetbrains.kotlin.cli.jvm.K2JVMCompiler @D:\PC\Seminar\Zone\app\build\20230707_2005915980573640208.compiler.options
java_class_path (initial): D:\Program Files\LE_TUAN_KIET\AndroidStudioProjects\RandomNumber\caches\modules-2\files-2.1\org.jetbrains.kotlin\kotlin-compiler-embeddable\1.8.10\b0757fd774344d54ce93f5ad6c30ba1c1731c8ff\kotlin-compiler-embeddable-1.8.10.jar;D:\Program Files\LE_TUAN_KIET\AndroidStudioProjects\RandomNumber\caches\modules-2\files-2.1\org.jetbrains.kotlin\kotlin-stdlib\1.8.10\6d5560a229477df9406943d5feda5618e98eb64c\kotlin-stdlib-1.8.10.jar;D:\Program Files\LE_TUAN_KIET\AndroidStudioProjects\RandomNumber\caches\modules-2\files-2.1\org.jetbrains.kotlin\kotlin-script-runtime\1.8.10\b13ea9c7e46d589139e56086a878763290e20bd5\kotlin-script-runtime-1.8.10.jar;D:\Program Files\LE_TUAN_KIET\AndroidStudioProjects\RandomNumber\caches\modules-2\files-2.1\org.jetbrains.kotlin\kotlin-reflect\1.6.10\1cbe9c92c12a94eea200d23c2bbaedaf3daf5132\kotlin-reflect-1.6.10.jar;D:\Program Files\LE_TUAN_KIET\AndroidStudioProjects\RandomNumber\caches\modules-2\files-2.1\org.jetbrains.kotlin\kotlin-daemon-embeddable\1.8.10\ad8541d9bc1cf9e52c3204161247910c2cf601d4\kotlin-daemon-embeddable-1.8.10.jar;D:\Program Files\LE_TUAN_KIET\AndroidStudioProjects\RandomNumber\caches\modules-2\files-2.1\org.jetbrains.intellij.deps\trove4j\1.0.20200330\3afb14d5f9ceb459d724e907a21145e8ff394f02\trove4j-1.0.20200330.jar;D:\Program Files\LE_TUAN_KIET\AndroidStudioProjects\RandomNumber\caches\modules-2\files-2.1\net.java.dev.jna\jna\5.6.0\330f2244e9030119ab3030fc3fededc86713d9cc\jna-5.6.0.jar;D:\Program Files\LE_TUAN_KIET\AndroidStudioProjects\RandomNumber\caches\modules-2\files-2.1\org.jetbrains.kotlin\kotlin-stdlib-common\1.8.10\a61b182458550492c12aee66157d7b524a63a5ec\kotlin-stdlib-common-1.8.10.jar;D:\Program Files\LE_TUAN_KIET\AndroidStudioProjects\RandomNumber\caches\modules-2\files-2.1\org.jetbrains\annotations\13.0\919f0dfe192fb4e063e7dacadee7f8bb9a2672a9\annotations-13.0.jar
Launcher Type: SUN_STANDARD

[Global flags]
     intx CICompilerCount                          = 4                                         {product} {ergonomic}
     uint ConcGCThreads                            = 2                                         {product} {ergonomic}
     uint G1ConcRefinementThreads                  = 8                                         {product} {ergonomic}
   size_t G1HeapRegionSize                         = 2097152                                   {product} {ergonomic}
    uintx GCDrainStackTargetSize                   = 64                                        {product} {ergonomic}
   size_t InitialHeapSize                          = 268435456                                 {product} {ergonomic}
   size_t MarkStackSize                            = 4194304                                   {product} {ergonomic}
   size_t MaxHeapSize                              = 4263510016                                {product} {ergonomic}
   size_t MinHeapDeltaBytes                        = 2097152                                   {product} {ergonomic}
   size_t MinHeapSize                              = 8388608                                   {product} {ergonomic}
    uintx NonNMethodCodeHeapSize                   = 5839372                                {pd product} {ergonomic}
    uintx NonProfiledCodeHeapSize                  = 122909434                              {pd product} {ergonomic}
    uintx ProfiledCodeHeapSize                     = 122909434                              {pd product} {ergonomic}
    uintx ReservedCodeCacheSize                    = 251658240                              {pd product} {ergonomic}
     bool SegmentedCodeCache                       = true                                      {product} {ergonomic}
   size_t SoftMaxHeapSize                          = 4263510016                             {manageable} {ergonomic}
     bool UseCompressedClassPointers               = true                           {product lp64_product} {ergonomic}
     bool UseCompressedOops                        = true                           {product lp64_product} {ergonomic}
     bool UseG1GC                                  = true                                      {product} {ergonomic}
     bool UseLargePagesIndividualAllocation        = false                                  {pd product} {ergonomic}

Logging:
Log output configuration:
 #0: stdout all=warning uptime,level,tags
 #1: stderr all=off uptime,level,tags

Environment Variables:
JAVA_HOME=C:\Users\Tuan Kiet\.jdks\azul-11.0.19
PATH=C:\Program Files\Microsoft\jdk-11.0.18.10-hotspot\bin;C:\Ruby32-x64\bin;C:\Python311\Scripts\;C:\Python311\;C:\Windows\system32;C:\Windows;C:\Windows\System32\Wbem;C:\Windows\System32\WindowsPowerShell\v1.0\;C:\Windows\System32\OpenSSH\;C:\Program Files (x86)\NVIDIA Corporation\PhysX\Common;C:\WINDOWS\system32;C:\WINDOWS;C:\WINDOWS\System32\Wbem;C:\WINDOWS\System32\WindowsPowerShell\v1.0\;C:\WINDOWS\System32\OpenSSH\;C:\ProgramData\chocolatey\bin;C:\Program Files\Git\cmd;C:\WINDOWS\system32;C:\WINDOWS;C:\WINDOWS\System32\Wbem;C:\WINDOWS\System32\WindowsPowerShell\v1.0\;C:\WINDOWS\System32\OpenSSH\;C:\Program Files\Java\jdk1.8.0_281\bin;C:\Users\Tuan Kiet\apktool;C:\Program Files (x86)\Yarn\bin\;C:\Program Files\nodejs\;C:\Users\Tuan Kiet\AppData\Local\Android\Sdk;C:\Users\Tuan Kiet\scoop\shims;C:\Users\Tuan Kiet\AppData\Local\Microsoft\WindowsApps;C:\Users\Tuan Kiet\.dotnet\tools;C:\Users\Tuan Kiet\AppData\Local\GitHubDesktop\bin;C:\Users\Tuan Kiet\AppData\Local\Microsoft\WindowsApps;C:\Program Files\Java\jdk1.8.0_281\bin;;C:\Users\Tuan Kiet\AppData\Local\Programs\Microsoft VS Code\bin;C:\Users\Tuan Kiet\AppData\Local\Yarn\bin;C:\Users\Tuan Kiet\AppData\Roaming\npm
USERNAME=Tuan Kiet
OS=Windows_NT
PROCESSOR_IDENTIFIER=Intel64 Family 6 Model 142 Stepping 10, GenuineIntel
TMP=C:\Users\TUANKI~1\AppData\Local\Temp
TEMP=C:\Users\TUANKI~1\AppData\Local\Temp



---------------  S Y S T E M  ---------------

OS:
 Windows 11 , 64 bit Build 22621 (10.0.22621.1778)
OS uptime: 0 days 19:49 hours

CPU: total 8 (initial active 8) (4 cores per cpu, 2 threads per core) family 6 model 142 stepping 10 microcode 0xe0, cx8, cmov, fxsr, ht, mmx, 3dnowpref, sse, sse2, sse3, ssse3, sse4.1, sse4.2, popcnt, lzcnt, tsc, tscinvbit, avx, avx2, aes, erms, clmul, bmi1, bmi2, adx, fma, vzeroupper, clflush, clflushopt

Memory: 4k page, system-wide physical 16258M (1384M free)
TotalPageFile size 29058M (AvailPageFile size 9M)
current process WorkingSet (physical memory assigned to process): 10M, peak: 10M
current process commit charge ("private bytes"): 14M, peak: 15M

vm_info: OpenJDK 64-Bit Server VM (17.0.6+0-b2043.56-9586694) for windows-amd64 JRE (17.0.6+0-b2043.56-9586694), built on Feb  9 2023 20:06:20 by "androidbuild" with MS VC++ 16.10 / 16.11 (VS2019)

END.
